# JRE version: OpenJDK Runtime Environment (8.0_152-b01) (build 1.8.0_152-release-915-b01)
# Java VM: OpenJDK 64-Bit Server VM (25.152-b01 mixed mode windows-amd64 compressed oops)
Heap:
 PSYoungGen      total 412160K, used 251383K [0x00000000e0000000, 0x00000000fcd80000, 0x0000000100000000)
  eden space 382464K, 57% used [0x00000000e0000000,0x00000000ed89c720,0x00000000f7580000)
  from space 29696K, 99% used [0x00000000f8400000,0x00000000fa0e1838,0x00000000fa100000)
  to   space 45056K, 0% used [0x00000000fa180000,0x00000000fa180000,0x00000000fcd80000)
 ParOldGen       total 189440K, used 112144K [0x00000000a0000000, 0x00000000ab900000, 0x00000000e0000000)
  object space 189440K, 59% used [0x00000000a0000000,0x00000000a6d84110,0x00000000ab900000)
 Metaspace       used 77621K, capacity 83774K, committed 83840K, reserved 1122304K
  class space    used 9917K, capacity 11383K, committed 11392K, reserved 1048576K
GC Heap History (10 events):
Event: 569.040 GC heap before
{Heap before GC invocations=16 (full 3):
 PSYoungGen      total 492544K, used 484728K [0x00000000e0000000, 0x00000000ffc80000, 0x0000000100000000)
  eden space 469504K, 100% used [0x00000000e0000000,0x00000000fca80000,0x00000000fca80000)
  from space 23040K, 66% used [0x00000000fe600000,0x00000000ff4de120,0x00000000ffc80000)
  to   space 25600K, 0% used [0x00000000fca80000,0x00000000fca80000,0x00000000fe380000)
 ParOldGen       total 189440K, used 47808K [0x00000000a0000000, 0x00000000ab900000, 0x00000000e0000000)
  object space 189440K, 25% used [0x00000000a0000000,0x00000000a2eb0128,0x00000000ab900000)
 Metaspace       used 70966K, capacity 76082K, committed 76288K, reserved 1116160K
  class space    used 9212K, capacity 10449K, committed 10496K, reserved 1048576K
Event: 569.065 GC heap after
Heap after GC invocations=16 (full 3):
 PSYoungGen      total 465408K, used 13786K [0x00000000e0000000, 0x00000000fe900000, 0x0000000100000000)
  eden space 451584K, 0% used [0x00000000e0000000,0x00000000e0000000,0x00000000fb900000)
  from space 13824K, 99% used [0x00000000fca80000,0x00000000fd7f6bc8,0x00000000fd800000)
  to   space 17408K, 0% used [0x00000000fd800000,0x00000000fd800000,0x00000000fe900000)
 ParOldGen       total 189440K, used 47816K [0x00000000a0000000, 0x00000000ab900000, 0x00000000e0000000)
  object space 189440K, 25% used [0x00000000a0000000,0x00000000a2eb2128,0x00000000ab900000)
 Metaspace       used 70966K, capacity 76082K, committed 76288K, reserved 1116160K
  class space    used 9212K, capacity 10449K, committed 10496K, reserved 1048576K
}
Event: 581.461 GC heap before
{Heap before GC invocations=17 (full 3):
 PSYoungGen      total 465408K, used 465370K [0x00000000e0000000, 0x00000000fe900000, 0x0000000100000000)
  eden space 451584K, 100% used [0x00000000e0000000,0x00000000fb900000,0x00000000fb900000)
  from space 13824K, 99% used [0x00000000fca80000,0x00000000fd7f6bc8,0x00000000fd800000)
  to   space 17408K, 0% used [0x00000000fd800000,0x00000000fd800000,0x00000000fe900000)
 ParOldGen       total 189440K, used 47816K [0x00000000a0000000, 0x00000000ab900000, 0x00000000e0000000)
  object space 189440K, 25% used [0x00000000a0000000,0x00000000a2eb2128,0x00000000ab900000)
 Metaspace       used 75363K, capacity 80666K, committed 80896K, reserved 1120256K
  class space    used 9620K, capacity 10921K, committed 11008K, reserved 1048576K
Event: 581.520 GC heap after
Heap after GC invocations=17 (full 3):
 PSYoungGen      total 446464K, used 17400K [0x00000000e0000000, 0x0000000100000000, 0x0000000100000000)
  eden space 429056K, 0% used [0x00000000e0000000,0x00000000e0000000,0x00000000fa300000)
  from space 17408K, 99% used [0x00000000fd800000,0x00000000fe8fe048,0x00000000fe900000)
  to   space 47616K, 0% used [0x00000000fa300000,0x00000000fa300000,0x00000000fd180000)
 ParOldGen       total 189440K, used 108779K [0x00000000a0000000, 0x00000000ab900000, 0x00000000e0000000)
  object space 189440K, 57% used [0x00000000a0000000,0x00000000a6a3af80,0x00000000ab900000)
 Metaspace       used 75363K, capacity 80666K, committed 80896K, reserved 1120256K
  class space    used 9620K, capacity 10921K, committed 11008K, reserved 1048576K
}
Event: 584.812 GC heap before
{Heap before GC invocations=18 (full 3):
 PSYoungGen      total 446464K, used 446295K [0x00000000e0000000, 0x0000000100000000, 0x0000000100000000)
  eden space 429056K, 99% used [0x00000000e0000000,0x00000000fa2d7c40,0x00000000fa300000)
  from space 17408K, 99% used [0x00000000fd800000,0x00000000fe8fe048,0x00000000fe900000)
  to   space 47616K, 0% used [0x00000000fa300000,0x00000000fa300000,0x00000000fd180000)
 ParOldGen       total 189440K, used 108779K [0x00000000a0000000, 0x00000000ab900000, 0x00000000e0000000)
  object space 189440K, 57% used [0x00000000a0000000,0x00000000a6a3af80,0x00000000ab900000)
 Metaspace       used 76773K, capacity 82274K, committed 82304K, reserved 1120256K
  class space    used 9805K, capacity 11109K, committed 11136K, reserved 1048576K
Event: 584.841 GC heap after
Heap after GC invocations=18 (full 3):
 PSYoungGen      total 436736K, used 23688K [0x00000000e0000000, 0x00000000fed00000, 0x0000000100000000)
  eden space 412672K, 0% used [0x00000000e0000000,0x00000000e0000000,0x00000000f9300000)
  from space 24064K, 98% used [0x00000000fa300000,0x00000000fba22260,0x00000000fba80000)
  to   space 46080K, 0% used [0x00000000fc000000,0x00000000fc000000,0x00000000fed00000)
 ParOldGen       total 189440K, used 112128K [0x00000000a0000000, 0x00000000ab900000, 0x00000000e0000000)
  object space 189440K, 59% used [0x00000000a0000000,0x00000000a6d80110,0x00000000ab900000)
 Metaspace       used 76773K, capacity 82274K, committed 82304K, reserved 1120256K
  class space    used 9805K, capacity 11109K, committed 11136K, reserved 1048576K
}
Event: 637.190 GC heap before
{Heap before GC invocations=19 (full 3):
 PSYoungGen      total 436736K, used 436360K [0x00000000e0000000, 0x00000000fed00000, 0x0000000100000000)
  eden space 412672K, 100% used [0x00000000e0000000,0x00000000f9300000,0x00000000f9300000)
  from space 24064K, 98% used [0x00000000fa300000,0x00000000fba22260,0x00000000fba80000)
  to   space 46080K, 0% used [0x00000000fc000000,0x00000000fc000000,0x00000000fed00000)
 ParOldGen       total 189440K, used 112128K [0x00000000a0000000, 0x00000000ab900000, 0x00000000e0000000)
  object space 189440K, 59% used [0x00000000a0000000,0x00000000a6d80110,0x00000000ab900000)
 Metaspace       used 77217K, capacity 83168K, committed 83328K, reserved 1122304K
  class space    used 9890K, capacity 11296K, committed 11392K, reserved 1048576K
Event: 637.223 GC heap after
Heap after GC invocations=19 (full 3):
 PSYoungGen      total 423936K, used 18100K [0x00000000e0000000, 0x00000000fda00000, 0x0000000100000000)
  eden space 397312K, 0% used [0x00000000e0000000,0x00000000e0000000,0x00000000f8400000)
  from space 26624K, 67% used [0x00000000fc000000,0x00000000fd1ad0d8,0x00000000fda00000)
  to   space 44032K, 0% used [0x00000000f8400000,0x00000000f8400000,0x00000000faf00000)
 ParOldGen       total 189440K, used 112136K [0x00000000a0000000, 0x00000000ab900000, 0x00000000e0000000)
  object space 189440K, 59% used [0x00000000a0000000,0x00000000a6d82110,0x00000000ab900000)
 Metaspace       used 77217K, capacity 83168K, committed 83328K, reserved 1122304K
  class space    used 9890K, capacity 11296K, committed 11392K, reserved 1048576K
}
Event: 652.546 GC heap before
{Heap before GC invocations=20 (full 3):
 PSYoungGen      total 423936K, used 415412K [0x00000000e0000000, 0x00000000fda00000, 0x0000000100000000)
  eden space 397312K, 100% used [0x00000000e0000000,0x00000000f8400000,0x00000000f8400000)
  from space 26624K, 67% used [0x00000000fc000000,0x00000000fd1ad0d8,0x00000000fda00000)
  to   space 44032K, 0% used [0x00000000f8400000,0x00000000f8400000,0x00000000faf00000)
 ParOldGen       total 189440K, used 112136K [0x00000000a0000000, 0x00000000ab900000, 0x00000000e0000000)
  object space 189440K, 59% used [0x00000000a0000000,0x00000000a6d82110,0x00000000ab900000)
 Metaspace       used 77432K, capacity 83492K, committed 83584K, reserved 1122304K
  class space    used 9903K, capacity 11338K, committed 11392K, reserved 1048576K
Event: 652.586 GC heap after
Heap after GC invocations=20 (full 3):
 PSYoungGen      total 412160K, used 29574K [0x00000000e0000000, 0x00000000fcd80000, 0x0000000100000000)
  eden space 382464K, 0% used [0x00000000e0000000,0x00000000e0000000,0x00000000f7580000)
  from space 29696K, 99% used [0x00000000f8400000,0x00000000fa0e1838,0x00000000fa100000)
  to   space 45056K, 0% used [0x00000000fa180000,0x00000000fa180000,0x00000000fcd80000)
 ParOldGen       total 189440K, used 112144K [0x00000000a0000000, 0x00000000ab900000, 0x00000000e0000000)
  object space 189440K, 59% used [0x00000000a0000000,0x00000000a6d84110,0x00000000ab900000)
 Metaspace       used 77432K, capacity 83492K, committed 83584K, reserved 1122304K
  class space    used 9903K, capacity 11338K, committed 11392K, reserved 1048576K
}

